{
  "stats": {
    "suites": 1,
    "tests": 14,
    "passes": 14,
    "pending": 0,
    "failures": 0,
    "start": "2021-05-11T16:14:51.771Z",
    "end": "2021-05-11T16:14:54.107Z",
    "duration": 2267,
    "testsRegistered": 14,
    "passPercent": 100,
    "pendingPercent": 0,
    "other": 0,
    "hasOther": false,
    "skipped": 0,
    "hasSkipped": false
  },
  "results": [
    {
      "uuid": "c614af23-b20f-4122-ac0a-bebc7869bf56",
      "title": "",
      "fullFile": "cypress/integration/api.spec.ts",
      "file": "cypress/integration/api.spec.ts",
      "beforeHooks": [],
      "afterHooks": [],
      "tests": [],
      "suites": [
        {
          "uuid": "1243ff69-6e8e-4e54-86ad-0b258f99ef9e",
          "title": "Post call",
          "fullFile": "",
          "file": "",
          "beforeHooks": [],
          "afterHooks": [],
          "tests": [
            {
              "title": "Post Api Calls request and verifying the status code for post call",
              "fullTitle": "Post call Post Api Calls request and verifying the status code for post call",
              "timedOut": null,
              "duration": 1218,
              "state": "passed",
              "speed": "slow",
              "pass": true,
              "fail": false,
              "pending": false,
              "context": null,
              "code": "await utility_1.initiatePostMethod().then((response) => {\n    postResponse = JSON.parse(JSON.stringify(response));\n    expect(postResponse.status).to.eq(201);\n    id = postResponse.body.id;\n    cy.log(id);\n});",
              "err": {},
              "uuid": "6b33e312-e911-468f-9b63-f2a4b5923001",
              "parentUUID": "1243ff69-6e8e-4e54-86ad-0b258f99ef9e",
              "isHook": false,
              "skipped": false
            },
            {
              "title": "Verify that the productName captured in response is equal to the productName created using post call",
              "fullTitle": "Post call Verify that the productName captured in response is equal to the productName created using post call",
              "timedOut": null,
              "duration": 14,
              "state": "passed",
              "speed": "fast",
              "pass": true,
              "fail": false,
              "pending": false,
              "context": null,
              "code": "expect(postResponse.body.productName).equal(Cypress.env('productName'));",
              "err": {},
              "uuid": "4d3958a9-ab5b-41a8-a875-95cc55adf216",
              "parentUUID": "1243ff69-6e8e-4e54-86ad-0b258f99ef9e",
              "isHook": false,
              "skipped": false
            },
            {
              "title": "Verify that the description captured in response is equal to the description created using post call",
              "fullTitle": "Post call Verify that the description captured in response is equal to the description created using post call",
              "timedOut": null,
              "duration": 13,
              "state": "passed",
              "speed": "fast",
              "pass": true,
              "fail": false,
              "pending": false,
              "context": null,
              "code": "expect(postResponse.body.description).equal(Cypress.env('description'));",
              "err": {},
              "uuid": "685ebc3b-1823-44af-971a-babb9a7be82c",
              "parentUUID": "1243ff69-6e8e-4e54-86ad-0b258f99ef9e",
              "isHook": false,
              "skipped": false
            },
            {
              "title": "Verify that the category captured in response is equal to the category created using post call",
              "fullTitle": "Post call Verify that the category captured in response is equal to the category created using post call",
              "timedOut": null,
              "duration": 17,
              "state": "passed",
              "speed": "fast",
              "pass": true,
              "fail": false,
              "pending": false,
              "context": null,
              "code": "expect(postResponse.body.category).equal(Cypress.env('category'));",
              "err": {},
              "uuid": "6cde5a48-143f-433a-ad70-f5a1d5713e6a",
              "parentUUID": "1243ff69-6e8e-4e54-86ad-0b258f99ef9e",
              "isHook": false,
              "skipped": false
            },
            {
              "title": "Verify that the productType captured in response is equal to the productType created using post call",
              "fullTitle": "Post call Verify that the productType captured in response is equal to the productType created using post call",
              "timedOut": null,
              "duration": 10,
              "state": "passed",
              "speed": "fast",
              "pass": true,
              "fail": false,
              "pending": false,
              "context": null,
              "code": "expect(JSON.stringify(postResponse.body.productType)).equal(JSON.stringify(Cypress.env('productType')));",
              "err": {},
              "uuid": "7411dfd8-0b1b-4ad4-91dd-aa3c100b4ba9",
              "parentUUID": "1243ff69-6e8e-4e54-86ad-0b258f99ef9e",
              "isHook": false,
              "skipped": false
            }
          ],
          "suites": [],
          "passes": [
            "6b33e312-e911-468f-9b63-f2a4b5923001",
            "4d3958a9-ab5b-41a8-a875-95cc55adf216",
            "685ebc3b-1823-44af-971a-babb9a7be82c",
            "6cde5a48-143f-433a-ad70-f5a1d5713e6a",
            "7411dfd8-0b1b-4ad4-91dd-aa3c100b4ba9"
          ],
          "failures": [],
          "pending": [],
          "skipped": [],
          "duration": 1272,
          "root": false,
          "rootEmpty": false,
          "_timeout": 2000
        },
        {
          "uuid": "2567cb3a-d7b8-493b-ba0b-8d95114178d1",
          "title": "Get call",
          "fullFile": "",
          "file": "",
          "beforeHooks": [],
          "afterHooks": [],
          "tests": [
            {
              "title": "Get Api Calls request and verifying the status code for Get call",
              "fullTitle": "Get call Get Api Calls request and verifying the status code for Get call",
              "timedOut": null,
              "duration": 317,
              "state": "passed",
              "speed": "slow",
              "pass": true,
              "fail": false,
              "pending": false,
              "context": null,
              "code": "await utility_1.initiateGetMethod(id).then((response) => {\n    getResponse = JSON.parse(JSON.stringify(response));\n    expect(getResponse.status).to.eq(200);\n});",
              "err": {},
              "uuid": "5c11a8d4-185f-45bb-9435-671f288feb98",
              "parentUUID": "2567cb3a-d7b8-493b-ba0b-8d95114178d1",
              "isHook": false,
              "skipped": false
            },
            {
              "title": "Verify that the productName captured in get call response is equal to the productName created using post call",
              "fullTitle": "Get call Verify that the productName captured in get call response is equal to the productName created using post call",
              "timedOut": null,
              "duration": 6,
              "state": "passed",
              "speed": "fast",
              "pass": true,
              "fail": false,
              "pending": false,
              "context": null,
              "code": "expect(getResponse.body.productName).equal(postResponse.body.productName);",
              "err": {},
              "uuid": "88d4da4b-2840-4a66-99e1-97a4c4a7906c",
              "parentUUID": "2567cb3a-d7b8-493b-ba0b-8d95114178d1",
              "isHook": false,
              "skipped": false
            },
            {
              "title": "Verify that the description captured in get cal  response is equal to the description created using post call",
              "fullTitle": "Get call Verify that the description captured in get cal  response is equal to the description created using post call",
              "timedOut": null,
              "duration": 12,
              "state": "passed",
              "speed": "fast",
              "pass": true,
              "fail": false,
              "pending": false,
              "context": null,
              "code": "expect(getResponse.body.description).equal(postResponse.body.description);",
              "err": {},
              "uuid": "4269edfa-65c5-457b-bc29-fb94216bcd12",
              "parentUUID": "2567cb3a-d7b8-493b-ba0b-8d95114178d1",
              "isHook": false,
              "skipped": false
            },
            {
              "title": "Verify that the category captured in get call response is equal to the category created using post call",
              "fullTitle": "Get call Verify that the category captured in get call response is equal to the category created using post call",
              "timedOut": null,
              "duration": 14,
              "state": "passed",
              "speed": "fast",
              "pass": true,
              "fail": false,
              "pending": false,
              "context": null,
              "code": "expect(getResponse.body.category).equal(postResponse.body.category);",
              "err": {},
              "uuid": "5e92f203-e73e-40c8-9043-de3f6be9ece8",
              "parentUUID": "2567cb3a-d7b8-493b-ba0b-8d95114178d1",
              "isHook": false,
              "skipped": false
            },
            {
              "title": "Verify that the productType captured in get call response is equal to the productType created using post call",
              "fullTitle": "Get call Verify that the productType captured in get call response is equal to the productType created using post call",
              "timedOut": null,
              "duration": 18,
              "state": "passed",
              "speed": "fast",
              "pass": true,
              "fail": false,
              "pending": false,
              "context": null,
              "code": "expect(JSON.stringify(getResponse.body.productType)).equal(JSON.stringify(postResponse.body.productType));",
              "err": {},
              "uuid": "c3606673-3ed2-4cc4-936a-b27cfa232792",
              "parentUUID": "2567cb3a-d7b8-493b-ba0b-8d95114178d1",
              "isHook": false,
              "skipped": false
            }
          ],
          "suites": [],
          "passes": [
            "5c11a8d4-185f-45bb-9435-671f288feb98",
            "88d4da4b-2840-4a66-99e1-97a4c4a7906c",
            "4269edfa-65c5-457b-bc29-fb94216bcd12",
            "5e92f203-e73e-40c8-9043-de3f6be9ece8",
            "c3606673-3ed2-4cc4-936a-b27cfa232792"
          ],
          "failures": [],
          "pending": [],
          "skipped": [],
          "duration": 367,
          "root": false,
          "rootEmpty": false,
          "_timeout": 2000
        },
        {
          "uuid": "0f7bf5ac-a840-43a0-a735-1bc2ac5f9d50",
          "title": "PUT call",
          "fullFile": "",
          "file": "",
          "beforeHooks": [],
          "afterHooks": [],
          "tests": [
            {
              "title": "Put Api Calls request and verifying the status code for post call",
              "fullTitle": "PUT call Put Api Calls request and verifying the status code for post call",
              "timedOut": null,
              "duration": 266,
              "state": "passed",
              "speed": "slow",
              "pass": true,
              "fail": false,
              "pending": false,
              "context": null,
              "code": "await utility_1.initiatePutMethod(id).then((response) => {\n    putResponse = JSON.parse(JSON.stringify(response));\n    expect(putResponse.status).to.eq(200);\n});",
              "err": {},
              "uuid": "1f95e806-a0da-4e06-915f-3c9aa8e706a8",
              "parentUUID": "0f7bf5ac-a840-43a0-a735-1bc2ac5f9d50",
              "isHook": false,
              "skipped": false
            },
            {
              "title": "Verify that the productName captured in response is equal to the productName updated using put call",
              "fullTitle": "PUT call Verify that the productName captured in response is equal to the productName updated using put call",
              "timedOut": null,
              "duration": 9,
              "state": "passed",
              "speed": "fast",
              "pass": true,
              "fail": false,
              "pending": false,
              "context": null,
              "code": "expect(putResponse.body.productName).equal(Cypress.env('productNameUpdated'));",
              "err": {},
              "uuid": "d82dd6f8-ac1c-4b60-88f5-5c89c9592919",
              "parentUUID": "0f7bf5ac-a840-43a0-a735-1bc2ac5f9d50",
              "isHook": false,
              "skipped": false
            },
            {
              "title": "Verify that the category captured in response is equal to the category name updated using put call",
              "fullTitle": "PUT call Verify that the category captured in response is equal to the category name updated using put call",
              "timedOut": null,
              "duration": 6,
              "state": "passed",
              "speed": "fast",
              "pass": true,
              "fail": false,
              "pending": false,
              "context": null,
              "code": "expect(putResponse.body.category).equal(Cypress.env('categoryNameUpdated'));",
              "err": {},
              "uuid": "ff2ccaec-4e5e-4581-8502-b4bd0e2e9e8f",
              "parentUUID": "0f7bf5ac-a840-43a0-a735-1bc2ac5f9d50",
              "isHook": false,
              "skipped": false
            }
          ],
          "suites": [],
          "passes": [
            "1f95e806-a0da-4e06-915f-3c9aa8e706a8",
            "d82dd6f8-ac1c-4b60-88f5-5c89c9592919",
            "ff2ccaec-4e5e-4581-8502-b4bd0e2e9e8f"
          ],
          "failures": [],
          "pending": [],
          "skipped": [],
          "duration": 281,
          "root": false,
          "rootEmpty": false,
          "_timeout": 2000
        },
        {
          "uuid": "6bd84d19-9359-40e6-8be4-dde1dc0e8944",
          "title": "DELETE call",
          "fullFile": "",
          "file": "",
          "beforeHooks": [],
          "afterHooks": [],
          "tests": [
            {
              "title": "Delete Api Call request and verifying the status code for post call",
              "fullTitle": "DELETE call Delete Api Call request and verifying the status code for post call",
              "timedOut": null,
              "duration": 347,
              "state": "passed",
              "speed": "slow",
              "pass": true,
              "fail": false,
              "pending": false,
              "context": null,
              "code": "await utility_1.initiateDeleteMethod(id).then((response) => {\n    deleteResponse = JSON.parse(JSON.stringify(response));\n    expect(deleteResponse.status).to.eq(200);\n});",
              "err": {},
              "uuid": "d7a1e84f-a200-4470-a8a3-20a39f5d34df",
              "parentUUID": "6bd84d19-9359-40e6-8be4-dde1dc0e8944",
              "isHook": false,
              "skipped": false
            }
          ],
          "suites": [],
          "passes": [
            "d7a1e84f-a200-4470-a8a3-20a39f5d34df"
          ],
          "failures": [],
          "pending": [],
          "skipped": [],
          "duration": 347,
          "root": false,
          "rootEmpty": false,
          "_timeout": 2000
        }
      ],
      "passes": [],
      "failures": [],
      "pending": [],
      "skipped": [],
      "duration": 0,
      "root": true,
      "rootEmpty": true,
      "_timeout": 2000
    }
  ],
  "meta": {
    "mocha": {
      "version": "7.0.1"
    },
    "mochawesome": {
      "options": {
        "quiet": false,
        "reportFilename": "mochawesome",
        "saveHtml": false,
        "saveJson": true,
        "consoleReporter": "spec",
        "useInlineDiffs": false,
        "code": true
      },
      "version": "6.2.2"
    },
    "marge": {
      "options": {
        "charts": true,
        "overwrite": false,
        "html": false,
        "json": true,
        "reportDir": "cypress/reports"
      },
      "version": "5.2.0"
    }
  }
}